  [4;36;1mSQL (0.1ms)[0m   [0;1mSET NAMES 'utf8'[0m
  [4;35;1mSQL (0.1ms)[0m   [0mSET SQL_AUTO_IS_NULL=0[0m
  [4;36;1mSQL (0.2ms)[0m   [0;1mSHOW TABLES[0m
  [4;35;1mSQL (97.6ms)[0m   [0mCREATE TABLE `schema_migrations` (`version` varchar(255) NOT NULL) ENGINE=InnoDB[0m
  [4;36;1mSQL (0.5ms)[0m   [0;1mSHOW KEYS FROM `schema_migrations`[0m
  [4;35;1mSQL (200.3ms)[0m   [0mCREATE UNIQUE INDEX `unique_schema_migrations` ON `schema_migrations` (`version`)[0m
  [4;36;1mSQL (0.4ms)[0m   [0;1mSHOW TABLES[0m
  [4;35;1mSQL (0.3ms)[0m   [0mSELECT version FROM schema_migrations[0m
Migrating to CreateUsers (20110810102336)
  [4;36;1mSQL (0.3ms)[0m   [0;1mSHOW TABLES[0m
  [4;35;1mSQL (71.8ms)[0m   [0mCREATE TABLE `users` (`id` int(11) DEFAULT NULL auto_increment PRIMARY KEY, `login` varchar(40), `name` varchar(100) DEFAULT '', `email` varchar(100), `crypted_password` varchar(40), `salt` varchar(40), `created_at` datetime, `updated_at` datetime, `remember_token` varchar(40), `remember_token_expires_at` datetime) ENGINE=InnoDB[0m
  [4;36;1mSQL (0.5ms)[0m   [0;1mSHOW KEYS FROM `users`[0m
  [4;35;1mSQL (209.4ms)[0m   [0mCREATE UNIQUE INDEX `index_users_on_login` ON `users` (`login`)[0m
  [4;36;1mSQL (41.4ms)[0m   [0;1mINSERT INTO schema_migrations (version) VALUES ('20110810102336')[0m
  [4;35;1mSQL (0.4ms)[0m   [0mSHOW TABLES[0m
  [4;36;1mSQL (0.3ms)[0m   [0;1mSELECT version FROM schema_migrations[0m
  [4;35;1mSQL (0.1ms)[0m   [0mSHOW TABLES[0m
  [4;36;1mSQL (0.7ms)[0m   [0;1mSHOW FIELDS FROM `users`[0m
  [4;35;1mSQL (0.7ms)[0m   [0mdescribe `users`[0m
  [4;36;1mSQL (0.3ms)[0m   [0;1mSHOW KEYS FROM `users`[0m
  [4;36;1mSQL (0.1ms)[0m   [0;1mSET NAMES 'utf8'[0m
  [4;35;1mSQL (0.1ms)[0m   [0mSET SQL_AUTO_IS_NULL=0[0m
  [4;36;1mSQL (0.3ms)[0m   [0;1mSHOW TABLES[0m
  [4;35;1mSQL (0.1ms)[0m   [0mSELECT version FROM schema_migrations[0m
Migrating to CreateUsers (20110810102336)
Migrating to AddUsersFb (20110810102529)
  [4;36;1mSQL (238.5ms)[0m   [0;1mALTER TABLE `users` ADD `fb_user_id` int(11)[0m
  [4;35;1mSQL (233.7ms)[0m   [0mALTER TABLE `users` ADD `email_hash` varchar(255)[0m
  [4;36;1mSQL (66.2ms)[0m   [0;1mINSERT INTO schema_migrations (version) VALUES ('20110810102529')[0m
  [4;35;1mSQL (0.4ms)[0m   [0mSHOW TABLES[0m
  [4;36;1mSQL (0.3ms)[0m   [0;1mSELECT version FROM schema_migrations[0m
  [4;35;1mSQL (0.3ms)[0m   [0mSHOW TABLES[0m
  [4;36;1mSQL (0.9ms)[0m   [0;1mSHOW FIELDS FROM `users`[0m
  [4;35;1mSQL (0.7ms)[0m   [0mdescribe `users`[0m
  [4;36;1mSQL (0.3ms)[0m   [0;1mSHOW KEYS FROM `users`[0m
  [4;36;1mSQL (0.1ms)[0m   [0;1mSET NAMES 'utf8'[0m
  [4;35;1mSQL (0.1ms)[0m   [0mSET SQL_AUTO_IS_NULL=0[0m


Processing UsersController#index (for 127.0.0.1 at 2011-08-10 16:09:50) [GET]

TypeError (String can't be coerced into Bignum):
  <internal:prelude>:10:in `synchronize'
  /home/hb/.rvm/rubies/ruby-1.9.2-p180/lib/ruby/1.9.1/webrick/httpserver.rb:111:in `service'
  /home/hb/.rvm/rubies/ruby-1.9.2-p180/lib/ruby/1.9.1/webrick/httpserver.rb:70:in `run'
  /home/hb/.rvm/rubies/ruby-1.9.2-p180/lib/ruby/1.9.1/webrick/server.rb:183:in `block in start_thread'

Rendered rescues/_trace (12.9ms)
Rendered rescues/_request_and_response (0.7ms)
Rendering /home/hb/Application/Fbook/vendor/plugins/facebooker/templates/layout.erb (200)
  [4;36;1mSQL (0.1ms)[0m   [0;1mSET NAMES 'utf8'[0m
  [4;35;1mSQL (0.1ms)[0m   [0mSET SQL_AUTO_IS_NULL=0[0m


Processing UsersController#index (for 127.0.0.1 at 2011-08-10 16:10:53) [GET]

TypeError (String can't be coerced into Bignum):
  <internal:prelude>:10:in `synchronize'
  /home/hb/.rvm/rubies/ruby-1.9.2-p180/lib/ruby/1.9.1/webrick/httpserver.rb:111:in `service'
  /home/hb/.rvm/rubies/ruby-1.9.2-p180/lib/ruby/1.9.1/webrick/httpserver.rb:70:in `run'
  /home/hb/.rvm/rubies/ruby-1.9.2-p180/lib/ruby/1.9.1/webrick/server.rb:183:in `block in start_thread'

Rendered rescues/_trace (12.6ms)
Rendered rescues/_request_and_response (0.2ms)
Rendering /home/hb/Application/Fbook/vendor/plugins/facebooker/templates/layout.erb (200)
  [4;36;1mSQL (0.2ms)[0m   [0;1mSET NAMES 'utf8'[0m
  [4;35;1mSQL (0.1ms)[0m   [0mSET SQL_AUTO_IS_NULL=0[0m


Processing UsersController#index (for 127.0.0.1 at 2011-08-10 16:12:20) [GET]

TypeError (String can't be coerced into Bignum):
  <internal:prelude>:10:in `synchronize'
  /home/hb/.rvm/rubies/ruby-1.9.2-p180/lib/ruby/1.9.1/webrick/httpserver.rb:111:in `service'
  /home/hb/.rvm/rubies/ruby-1.9.2-p180/lib/ruby/1.9.1/webrick/httpserver.rb:70:in `run'
  /home/hb/.rvm/rubies/ruby-1.9.2-p180/lib/ruby/1.9.1/webrick/server.rb:183:in `block in start_thread'

Rendered rescues/_trace (13.0ms)
Rendered rescues/_request_and_response (0.7ms)
Rendering /home/hb/Application/Fbook/vendor/plugins/facebooker/templates/layout.erb (200)
  [4;36;1mSQL (0.1ms)[0m   [0;1mSET NAMES 'utf8'[0m
  [4;35;1mSQL (0.1ms)[0m   [0mSET SQL_AUTO_IS_NULL=0[0m


Processing UsersController#index (for 127.0.0.1 at 2011-08-10 16:13:15) [GET]

TypeError (String can't be coerced into Bignum):
  <internal:prelude>:10:in `synchronize'
  /home/hb/.rvm/rubies/ruby-1.9.2-p180/lib/ruby/1.9.1/webrick/httpserver.rb:111:in `service'
  /home/hb/.rvm/rubies/ruby-1.9.2-p180/lib/ruby/1.9.1/webrick/httpserver.rb:70:in `run'
  /home/hb/.rvm/rubies/ruby-1.9.2-p180/lib/ruby/1.9.1/webrick/server.rb:183:in `block in start_thread'

Rendered rescues/_trace (12.3ms)
Rendered rescues/_request_and_response (0.2ms)
Rendering /home/hb/Application/Fbook/vendor/plugins/facebooker/templates/layout.erb (200)
  [4;36;1mSQL (0.1ms)[0m   [0;1mSET NAMES 'utf8'[0m
  [4;35;1mSQL (0.1ms)[0m   [0mSET SQL_AUTO_IS_NULL=0[0m


Processing UsersController#index (for 127.0.0.1 at 2011-08-10 16:13:27) [GET]
Rendering template within layouts/index
Rendering users/index
Completed in 14ms (View: 12, DB: 0) | 200 OK [http://localhost/users]
  [4;36;1mSQL (0.1ms)[0m   [0;1mSET NAMES 'utf8'[0m
  [4;35;1mSQL (0.1ms)[0m   [0mSET SQL_AUTO_IS_NULL=0[0m


Processing ApplicationController#index (for 192.168.33.159 at 2011-08-10 16:13:27) [GET]
  Parameters: {"1312971692"=>nil}

ActionController::RoutingError (No route matches "/controls.js" with {:method=>:get, :canvas=>false}):
  <internal:prelude>:10:in `synchronize'
  /home/hb/.rvm/rubies/ruby-1.9.2-p180/lib/ruby/1.9.1/webrick/httpserver.rb:111:in `service'
  /home/hb/.rvm/rubies/ruby-1.9.2-p180/lib/ruby/1.9.1/webrick/httpserver.rb:70:in `run'
  /home/hb/.rvm/rubies/ruby-1.9.2-p180/lib/ruby/1.9.1/webrick/server.rb:183:in `block in start_thread'

Rendering /home/hb/Application/Fbook/vendor/plugins/facebooker/templates/layout.erb (200)
  [4;36;1mSQL (0.1ms)[0m   [0;1mSET NAMES 'utf8'[0m
  [4;35;1mSQL (0.1ms)[0m   [0mSET SQL_AUTO_IS_NULL=0[0m


Processing ApplicationController#index (for 192.168.33.159 at 2011-08-10 16:13:28) [GET]
  Parameters: {"1312971692"=>nil}

ActionController::RoutingError (No route matches "/application.js" with {:method=>:get, :canvas=>false}):
  <internal:prelude>:10:in `synchronize'
  /home/hb/.rvm/rubies/ruby-1.9.2-p180/lib/ruby/1.9.1/webrick/httpserver.rb:111:in `service'
  /home/hb/.rvm/rubies/ruby-1.9.2-p180/lib/ruby/1.9.1/webrick/httpserver.rb:70:in `run'
  /home/hb/.rvm/rubies/ruby-1.9.2-p180/lib/ruby/1.9.1/webrick/server.rb:183:in `block in start_thread'

Rendering /home/hb/Application/Fbook/vendor/plugins/facebooker/templates/layout.erb (200)
  [4;36;1mSQL (0.1ms)[0m   [0;1mSET NAMES 'utf8'[0m
  [4;35;1mSQL (0.1ms)[0m   [0mSET SQL_AUTO_IS_NULL=0[0m


Processing ApplicationController#index (for 192.168.33.159 at 2011-08-10 16:13:32) [GET]
  Parameters: {"1312971692"=>nil}

ActionController::RoutingError (No route matches "/effects.js" with {:method=>:get, :canvas=>false}):
  <internal:prelude>:10:in `synchronize'
  /home/hb/.rvm/rubies/ruby-1.9.2-p180/lib/ruby/1.9.1/webrick/httpserver.rb:111:in `service'
  /home/hb/.rvm/rubies/ruby-1.9.2-p180/lib/ruby/1.9.1/webrick/httpserver.rb:70:in `run'
  /home/hb/.rvm/rubies/ruby-1.9.2-p180/lib/ruby/1.9.1/webrick/server.rb:183:in `block in start_thread'

Rendering /home/hb/Application/Fbook/vendor/plugins/facebooker/templates/layout.erb (200)
  [4;36;1mSQL (0.1ms)[0m   [0;1mSET NAMES 'utf8'[0m
  [4;35;1mSQL (0.1ms)[0m   [0mSET SQL_AUTO_IS_NULL=0[0m


Processing ApplicationController#index (for 192.168.33.159 at 2011-08-10 16:13:32) [GET]
  Parameters: {"1312971692"=>nil}

ActionController::RoutingError (No route matches "/prototype.js" with {:method=>:get, :canvas=>false}):
  <internal:prelude>:10:in `synchronize'
  /home/hb/.rvm/rubies/ruby-1.9.2-p180/lib/ruby/1.9.1/webrick/httpserver.rb:111:in `service'
  /home/hb/.rvm/rubies/ruby-1.9.2-p180/lib/ruby/1.9.1/webrick/httpserver.rb:70:in `run'
  /home/hb/.rvm/rubies/ruby-1.9.2-p180/lib/ruby/1.9.1/webrick/server.rb:183:in `block in start_thread'

Rendering /home/hb/Application/Fbook/vendor/plugins/facebooker/templates/layout.erb (200)
  [4;36;1mSQL (0.1ms)[0m   [0;1mSET NAMES 'utf8'[0m
  [4;35;1mSQL (0.1ms)[0m   [0mSET SQL_AUTO_IS_NULL=0[0m


Processing ApplicationController#index (for 192.168.33.159 at 2011-08-10 16:13:32) [GET]
  Parameters: {"1312971692"=>nil}

ActionController::RoutingError (No route matches "/dragdrop.js" with {:method=>:get, :canvas=>false}):
  <internal:prelude>:10:in `synchronize'
  /home/hb/.rvm/rubies/ruby-1.9.2-p180/lib/ruby/1.9.1/webrick/httpserver.rb:111:in `service'
  /home/hb/.rvm/rubies/ruby-1.9.2-p180/lib/ruby/1.9.1/webrick/httpserver.rb:70:in `run'
  /home/hb/.rvm/rubies/ruby-1.9.2-p180/lib/ruby/1.9.1/webrick/server.rb:183:in `block in start_thread'

Rendering /home/hb/Application/Fbook/vendor/plugins/facebooker/templates/layout.erb (200)
  [4;36;1mSQL (0.1ms)[0m   [0;1mSET NAMES 'utf8'[0m
  [4;35;1mSQL (0.1ms)[0m   [0mSET SQL_AUTO_IS_NULL=0[0m


Processing UsersController#index (for 127.0.0.1 at 2011-08-10 16:13:59) [GET]
Rendering template within layouts/index
Rendering users/index
Completed in 3ms (View: 1, DB: 0) | 200 OK [http://localhost/users]
  [4;36;1mSQL (0.1ms)[0m   [0;1mSET NAMES 'utf8'[0m
  [4;35;1mSQL (0.1ms)[0m   [0mSET SQL_AUTO_IS_NULL=0[0m


Processing ApplicationController#index (for 192.168.33.159 at 2011-08-10 16:13:59) [GET]
  Parameters: {"1312971692"=>nil}

ActionController::RoutingError (No route matches "/prototype.js" with {:method=>:get, :canvas=>false}):
  <internal:prelude>:10:in `synchronize'
  /home/hb/.rvm/rubies/ruby-1.9.2-p180/lib/ruby/1.9.1/webrick/httpserver.rb:111:in `service'
  /home/hb/.rvm/rubies/ruby-1.9.2-p180/lib/ruby/1.9.1/webrick/httpserver.rb:70:in `run'
  /home/hb/.rvm/rubies/ruby-1.9.2-p180/lib/ruby/1.9.1/webrick/server.rb:183:in `block in start_thread'

Rendering /home/hb/Application/Fbook/vendor/plugins/facebooker/templates/layout.erb (200)
  [4;36;1mSQL (0.1ms)[0m   [0;1mSET NAMES 'utf8'[0m
  [4;35;1mSQL (0.1ms)[0m   [0mSET SQL_AUTO_IS_NULL=0[0m


Processing ApplicationController#index (for 192.168.33.159 at 2011-08-10 16:13:59) [GET]
  Parameters: {"1312971692"=>nil}

ActionController::RoutingError (No route matches "/effects.js" with {:method=>:get, :canvas=>false}):
  <internal:prelude>:10:in `synchronize'
  /home/hb/.rvm/rubies/ruby-1.9.2-p180/lib/ruby/1.9.1/webrick/httpserver.rb:111:in `service'
  /home/hb/.rvm/rubies/ruby-1.9.2-p180/lib/ruby/1.9.1/webrick/httpserver.rb:70:in `run'
  /home/hb/.rvm/rubies/ruby-1.9.2-p180/lib/ruby/1.9.1/webrick/server.rb:183:in `block in start_thread'

Rendering /home/hb/Application/Fbook/vendor/plugins/facebooker/templates/layout.erb (200)
  [4;36;1mSQL (0.1ms)[0m   [0;1mSET NAMES 'utf8'[0m
  [4;35;1mSQL (0.1ms)[0m   [0mSET SQL_AUTO_IS_NULL=0[0m


Processing ApplicationController#index (for 192.168.33.159 at 2011-08-10 16:14:00) [GET]
  Parameters: {"1312971692"=>nil}

ActionController::RoutingError (No route matches "/dragdrop.js" with {:method=>:get, :canvas=>false}):
  <internal:prelude>:10:in `synchronize'
  /home/hb/.rvm/rubies/ruby-1.9.2-p180/lib/ruby/1.9.1/webrick/httpserver.rb:111:in `service'
  /home/hb/.rvm/rubies/ruby-1.9.2-p180/lib/ruby/1.9.1/webrick/httpserver.rb:70:in `run'
  /home/hb/.rvm/rubies/ruby-1.9.2-p180/lib/ruby/1.9.1/webrick/server.rb:183:in `block in start_thread'

Rendering /home/hb/Application/Fbook/vendor/plugins/facebooker/templates/layout.erb (200)
  [4;36;1mSQL (0.1ms)[0m   [0;1mSET NAMES 'utf8'[0m
  [4;35;1mSQL (0.1ms)[0m   [0mSET SQL_AUTO_IS_NULL=0[0m


Processing ApplicationController#index (for 192.168.33.159 at 2011-08-10 16:14:00) [GET]
  Parameters: {"1312971692"=>nil}

ActionController::RoutingError (No route matches "/controls.js" with {:method=>:get, :canvas=>false}):
  <internal:prelude>:10:in `synchronize'
  /home/hb/.rvm/rubies/ruby-1.9.2-p180/lib/ruby/1.9.1/webrick/httpserver.rb:111:in `service'
  /home/hb/.rvm/rubies/ruby-1.9.2-p180/lib/ruby/1.9.1/webrick/httpserver.rb:70:in `run'
  /home/hb/.rvm/rubies/ruby-1.9.2-p180/lib/ruby/1.9.1/webrick/server.rb:183:in `block in start_thread'

Rendering /home/hb/Application/Fbook/vendor/plugins/facebooker/templates/layout.erb (200)
  [4;36;1mSQL (0.1ms)[0m   [0;1mSET NAMES 'utf8'[0m
  [4;35;1mSQL (0.0ms)[0m   [0mSET SQL_AUTO_IS_NULL=0[0m


Processing ApplicationController#index (for 192.168.33.159 at 2011-08-10 16:14:00) [GET]
  Parameters: {"1312971692"=>nil}

ActionController::RoutingError (No route matches "/application.js" with {:method=>:get, :canvas=>false}):
  <internal:prelude>:10:in `synchronize'
  /home/hb/.rvm/rubies/ruby-1.9.2-p180/lib/ruby/1.9.1/webrick/httpserver.rb:111:in `service'
  /home/hb/.rvm/rubies/ruby-1.9.2-p180/lib/ruby/1.9.1/webrick/httpserver.rb:70:in `run'
  /home/hb/.rvm/rubies/ruby-1.9.2-p180/lib/ruby/1.9.1/webrick/server.rb:183:in `block in start_thread'

Rendering /home/hb/Application/Fbook/vendor/plugins/facebooker/templates/layout.erb (200)
  [4;36;1mSQL (0.1ms)[0m   [0;1mSET NAMES 'utf8'[0m
  [4;35;1mSQL (0.0ms)[0m   [0mSET SQL_AUTO_IS_NULL=0[0m


Processing SessionsController#index (for 127.0.0.1 at 2011-08-10 16:14:44) [GET]

ActionController::UnknownAction (No action responded to index. Actions: create, create_facebook_session, create_facebook_session_with_secret, destroy, facebook_params, facebook_session, facebook_session_parameters, new, one_or_true, redirect_to, render_publisher_error, render_publisher_interface, render_publisher_response, set_facebook_session, top_redirect_to, wants_interface?, and zero_or_false):
  <internal:prelude>:10:in `synchronize'
  /home/hb/.rvm/rubies/ruby-1.9.2-p180/lib/ruby/1.9.1/webrick/httpserver.rb:111:in `service'
  /home/hb/.rvm/rubies/ruby-1.9.2-p180/lib/ruby/1.9.1/webrick/httpserver.rb:70:in `run'
  /home/hb/.rvm/rubies/ruby-1.9.2-p180/lib/ruby/1.9.1/webrick/server.rb:183:in `block in start_thread'

Rendering /home/hb/Application/Fbook/vendor/plugins/facebooker/templates/layout.erb (200)
  [4;36;1mSQL (0.2ms)[0m   [0;1mSET NAMES 'utf8'[0m
  [4;35;1mSQL (0.1ms)[0m   [0mSET SQL_AUTO_IS_NULL=0[0m


Processing SessionsController#new (for 127.0.0.1 at 2011-08-10 16:14:47) [GET]
Rendering template within layouts/index
Rendering sessions/new
Completed in 7ms (View: 6, DB: 0) | 200 OK [http://localhost/sessions/new]
  [4;36;1mSQL (0.1ms)[0m   [0;1mSET NAMES 'utf8'[0m
  [4;35;1mSQL (0.1ms)[0m   [0mSET SQL_AUTO_IS_NULL=0[0m


Processing ApplicationController#index (for 192.168.33.159 at 2011-08-10 16:14:48) [GET]
  Parameters: {"1312971692"=>nil}

ActionController::RoutingError (No route matches "/dragdrop.js" with {:method=>:get, :canvas=>false}):
  <internal:prelude>:10:in `synchronize'
  /home/hb/.rvm/rubies/ruby-1.9.2-p180/lib/ruby/1.9.1/webrick/httpserver.rb:111:in `service'
  /home/hb/.rvm/rubies/ruby-1.9.2-p180/lib/ruby/1.9.1/webrick/httpserver.rb:70:in `run'
  /home/hb/.rvm/rubies/ruby-1.9.2-p180/lib/ruby/1.9.1/webrick/server.rb:183:in `block in start_thread'

Rendering /home/hb/Application/Fbook/vendor/plugins/facebooker/templates/layout.erb (200)
  [4;36;1mSQL (0.1ms)[0m   [0;1mSET NAMES 'utf8'[0m
  [4;35;1mSQL (0.1ms)[0m   [0mSET SQL_AUTO_IS_NULL=0[0m


Processing ApplicationController#index (for 192.168.33.159 at 2011-08-10 16:14:48) [GET]
  Parameters: {"1312971692"=>nil}

ActionController::RoutingError (No route matches "/controls.js" with {:method=>:get, :canvas=>false}):
  <internal:prelude>:10:in `synchronize'
  /home/hb/.rvm/rubies/ruby-1.9.2-p180/lib/ruby/1.9.1/webrick/httpserver.rb:111:in `service'
  /home/hb/.rvm/rubies/ruby-1.9.2-p180/lib/ruby/1.9.1/webrick/httpserver.rb:70:in `run'
  /home/hb/.rvm/rubies/ruby-1.9.2-p180/lib/ruby/1.9.1/webrick/server.rb:183:in `block in start_thread'

Rendering /home/hb/Application/Fbook/vendor/plugins/facebooker/templates/layout.erb (200)
  [4;36;1mSQL (0.1ms)[0m   [0;1mSET NAMES 'utf8'[0m
  [4;35;1mSQL (0.1ms)[0m   [0mSET SQL_AUTO_IS_NULL=0[0m


Processing ApplicationController#index (for 192.168.33.159 at 2011-08-10 16:14:48) [GET]
  Parameters: {"1312971692"=>nil}

ActionController::RoutingError (No route matches "/prototype.js" with {:method=>:get, :canvas=>false}):
  <internal:prelude>:10:in `synchronize'
  /home/hb/.rvm/rubies/ruby-1.9.2-p180/lib/ruby/1.9.1/webrick/httpserver.rb:111:in `service'
  /home/hb/.rvm/rubies/ruby-1.9.2-p180/lib/ruby/1.9.1/webrick/httpserver.rb:70:in `run'
  /home/hb/.rvm/rubies/ruby-1.9.2-p180/lib/ruby/1.9.1/webrick/server.rb:183:in `block in start_thread'

Rendering /home/hb/Application/Fbook/vendor/plugins/facebooker/templates/layout.erb (200)
  [4;36;1mSQL (0.1ms)[0m   [0;1mSET NAMES 'utf8'[0m
  [4;35;1mSQL (0.0ms)[0m   [0mSET SQL_AUTO_IS_NULL=0[0m


Processing ApplicationController#index (for 192.168.33.159 at 2011-08-10 16:14:48) [GET]
  Parameters: {"1312971692"=>nil}

ActionController::RoutingError (No route matches "/application.js" with {:method=>:get, :canvas=>false}):
  <internal:prelude>:10:in `synchronize'
  /home/hb/.rvm/rubies/ruby-1.9.2-p180/lib/ruby/1.9.1/webrick/httpserver.rb:111:in `service'
  /home/hb/.rvm/rubies/ruby-1.9.2-p180/lib/ruby/1.9.1/webrick/httpserver.rb:70:in `run'
  /home/hb/.rvm/rubies/ruby-1.9.2-p180/lib/ruby/1.9.1/webrick/server.rb:183:in `block in start_thread'

Rendering /home/hb/Application/Fbook/vendor/plugins/facebooker/templates/layout.erb (200)
  [4;36;1mSQL (0.1ms)[0m   [0;1mSET NAMES 'utf8'[0m
  [4;35;1mSQL (0.0ms)[0m   [0mSET SQL_AUTO_IS_NULL=0[0m


Processing ApplicationController#index (for 192.168.33.159 at 2011-08-10 16:14:48) [GET]
  Parameters: {"1312971692"=>nil}

ActionController::RoutingError (No route matches "/effects.js" with {:method=>:get, :canvas=>false}):
  <internal:prelude>:10:in `synchronize'
  /home/hb/.rvm/rubies/ruby-1.9.2-p180/lib/ruby/1.9.1/webrick/httpserver.rb:111:in `service'
  /home/hb/.rvm/rubies/ruby-1.9.2-p180/lib/ruby/1.9.1/webrick/httpserver.rb:70:in `run'
  /home/hb/.rvm/rubies/ruby-1.9.2-p180/lib/ruby/1.9.1/webrick/server.rb:183:in `block in start_thread'

Rendering /home/hb/Application/Fbook/vendor/plugins/facebooker/templates/layout.erb (200)
  [4;36;1mSQL (0.1ms)[0m   [0;1mSET NAMES 'utf8'[0m
  [4;35;1mSQL (0.1ms)[0m   [0mSET SQL_AUTO_IS_NULL=0[0m


Processing ApplicationController#index (for 127.0.0.1 at 2011-08-10 16:15:19) [GET]

ActionController::RoutingError (No route matches "/users%27" with {:method=>:get, :canvas=>false}):
  <internal:prelude>:10:in `synchronize'
  /home/hb/.rvm/rubies/ruby-1.9.2-p180/lib/ruby/1.9.1/webrick/httpserver.rb:111:in `service'
  /home/hb/.rvm/rubies/ruby-1.9.2-p180/lib/ruby/1.9.1/webrick/httpserver.rb:70:in `run'
  /home/hb/.rvm/rubies/ruby-1.9.2-p180/lib/ruby/1.9.1/webrick/server.rb:183:in `block in start_thread'

Rendering /home/hb/Application/Fbook/vendor/plugins/facebooker/templates/layout.erb (200)
  [4;36;1mSQL (0.1ms)[0m   [0;1mSET NAMES 'utf8'[0m
  [4;35;1mSQL (0.1ms)[0m   [0mSET SQL_AUTO_IS_NULL=0[0m


Processing UsersController#index (for 127.0.0.1 at 2011-08-10 16:15:22) [GET]
Rendering template within layouts/index
Rendering users/index
Completed in 7ms (View: 6, DB: 0) | 200 OK [http://localhost/users]
  [4;36;1mSQL (0.1ms)[0m   [0;1mSET NAMES 'utf8'[0m
  [4;35;1mSQL (0.1ms)[0m   [0mSET SQL_AUTO_IS_NULL=0[0m


Processing ApplicationController#index (for 192.168.33.159 at 2011-08-10 16:15:22) [GET]
  Parameters: {"1312971692"=>nil}

ActionController::RoutingError (No route matches "/dragdrop.js" with {:method=>:get, :canvas=>false}):
  <internal:prelude>:10:in `synchronize'
  /home/hb/.rvm/rubies/ruby-1.9.2-p180/lib/ruby/1.9.1/webrick/httpserver.rb:111:in `service'
  /home/hb/.rvm/rubies/ruby-1.9.2-p180/lib/ruby/1.9.1/webrick/httpserver.rb:70:in `run'
  /home/hb/.rvm/rubies/ruby-1.9.2-p180/lib/ruby/1.9.1/webrick/server.rb:183:in `block in start_thread'

Rendering /home/hb/Application/Fbook/vendor/plugins/facebooker/templates/layout.erb (200)
  [4;36;1mSQL (0.1ms)[0m   [0;1mSET NAMES 'utf8'[0m
  [4;35;1mSQL (0.1ms)[0m   [0mSET SQL_AUTO_IS_NULL=0[0m


Processing ApplicationController#index (for 192.168.33.159 at 2011-08-10 16:15:22) [GET]
  Parameters: {"1312971692"=>nil}

ActionController::RoutingError (No route matches "/prototype.js" with {:method=>:get, :canvas=>false}):
  <internal:prelude>:10:in `synchronize'
  /home/hb/.rvm/rubies/ruby-1.9.2-p180/lib/ruby/1.9.1/webrick/httpserver.rb:111:in `service'
  /home/hb/.rvm/rubies/ruby-1.9.2-p180/lib/ruby/1.9.1/webrick/httpserver.rb:70:in `run'
  /home/hb/.rvm/rubies/ruby-1.9.2-p180/lib/ruby/1.9.1/webrick/server.rb:183:in `block in start_thread'

Rendering /home/hb/Application/Fbook/vendor/plugins/facebooker/templates/layout.erb (200)
  [4;36;1mSQL (0.1ms)[0m   [0;1mSET NAMES 'utf8'[0m
  [4;35;1mSQL (0.0ms)[0m   [0mSET SQL_AUTO_IS_NULL=0[0m


Processing ApplicationController#index (for 192.168.33.159 at 2011-08-10 16:15:22) [GET]
  Parameters: {"1312971692"=>nil}

ActionController::RoutingError (No route matches "/controls.js" with {:method=>:get, :canvas=>false}):
  <internal:prelude>:10:in `synchronize'
  /home/hb/.rvm/rubies/ruby-1.9.2-p180/lib/ruby/1.9.1/webrick/httpserver.rb:111:in `service'
  /home/hb/.rvm/rubies/ruby-1.9.2-p180/lib/ruby/1.9.1/webrick/httpserver.rb:70:in `run'
  /home/hb/.rvm/rubies/ruby-1.9.2-p180/lib/ruby/1.9.1/webrick/server.rb:183:in `block in start_thread'

Rendering /home/hb/Application/Fbook/vendor/plugins/facebooker/templates/layout.erb (200)
  [4;36;1mSQL (0.1ms)[0m   [0;1mSET NAMES 'utf8'[0m
  [4;35;1mSQL (0.1ms)[0m   [0mSET SQL_AUTO_IS_NULL=0[0m


Processing ApplicationController#index (for 192.168.33.159 at 2011-08-10 16:15:22) [GET]
  Parameters: {"1312971692"=>nil}

ActionController::RoutingError (No route matches "/effects.js" with {:method=>:get, :canvas=>false}):
  <internal:prelude>:10:in `synchronize'
  /home/hb/.rvm/rubies/ruby-1.9.2-p180/lib/ruby/1.9.1/webrick/httpserver.rb:111:in `service'
  /home/hb/.rvm/rubies/ruby-1.9.2-p180/lib/ruby/1.9.1/webrick/httpserver.rb:70:in `run'
  /home/hb/.rvm/rubies/ruby-1.9.2-p180/lib/ruby/1.9.1/webrick/server.rb:183:in `block in start_thread'

Rendering /home/hb/Application/Fbook/vendor/plugins/facebooker/templates/layout.erb (200)
  [4;36;1mSQL (0.1ms)[0m   [0;1mSET NAMES 'utf8'[0m
  [4;35;1mSQL (0.0ms)[0m   [0mSET SQL_AUTO_IS_NULL=0[0m


Processing ApplicationController#index (for 192.168.33.159 at 2011-08-10 16:15:22) [GET]
  Parameters: {"1312971692"=>nil}

ActionController::RoutingError (No route matches "/application.js" with {:method=>:get, :canvas=>false}):
  <internal:prelude>:10:in `synchronize'
  /home/hb/.rvm/rubies/ruby-1.9.2-p180/lib/ruby/1.9.1/webrick/httpserver.rb:111:in `service'
  /home/hb/.rvm/rubies/ruby-1.9.2-p180/lib/ruby/1.9.1/webrick/httpserver.rb:70:in `run'
  /home/hb/.rvm/rubies/ruby-1.9.2-p180/lib/ruby/1.9.1/webrick/server.rb:183:in `block in start_thread'

Rendering /home/hb/Application/Fbook/vendor/plugins/facebooker/templates/layout.erb (200)
  [4;36;1mSQL (0.1ms)[0m   [0;1mSET NAMES 'utf8'[0m
  [4;35;1mSQL (0.1ms)[0m   [0mSET SQL_AUTO_IS_NULL=0[0m


Processing SessionsController#new (for 127.0.0.1 at 2011-08-10 16:15:24) [GET]
Rendering template within layouts/index
Rendering sessions/new
Completed in 3ms (View: 1, DB: 0) | 200 OK [http://localhost/login]
  [4;36;1mSQL (0.1ms)[0m   [0;1mSET NAMES 'utf8'[0m
  [4;35;1mSQL (0.1ms)[0m   [0mSET SQL_AUTO_IS_NULL=0[0m


Processing ApplicationController#index (for 192.168.33.159 at 2011-08-10 16:15:24) [GET]
  Parameters: {"1312971692"=>nil}

ActionController::RoutingError (No route matches "/application.js" with {:method=>:get, :canvas=>false}):
  <internal:prelude>:10:in `synchronize'
  /home/hb/.rvm/rubies/ruby-1.9.2-p180/lib/ruby/1.9.1/webrick/httpserver.rb:111:in `service'
  /home/hb/.rvm/rubies/ruby-1.9.2-p180/lib/ruby/1.9.1/webrick/httpserver.rb:70:in `run'
  /home/hb/.rvm/rubies/ruby-1.9.2-p180/lib/ruby/1.9.1/webrick/server.rb:183:in `block in start_thread'

Rendering /home/hb/Application/Fbook/vendor/plugins/facebooker/templates/layout.erb (200)
  [4;36;1mSQL (0.1ms)[0m   [0;1mSET NAMES 'utf8'[0m
  [4;35;1mSQL (0.1ms)[0m   [0mSET SQL_AUTO_IS_NULL=0[0m


Processing ApplicationController#index (for 192.168.33.159 at 2011-08-10 16:15:24) [GET]
  Parameters: {"1312971692"=>nil}

ActionController::RoutingError (No route matches "/prototype.js" with {:method=>:get, :canvas=>false}):
  <internal:prelude>:10:in `synchronize'
  /home/hb/.rvm/rubies/ruby-1.9.2-p180/lib/ruby/1.9.1/webrick/httpserver.rb:111:in `service'
  /home/hb/.rvm/rubies/ruby-1.9.2-p180/lib/ruby/1.9.1/webrick/httpserver.rb:70:in `run'
  /home/hb/.rvm/rubies/ruby-1.9.2-p180/lib/ruby/1.9.1/webrick/server.rb:183:in `block in start_thread'

Rendering /home/hb/Application/Fbook/vendor/plugins/facebooker/templates/layout.erb (200)
  [4;36;1mSQL (0.1ms)[0m   [0;1mSET NAMES 'utf8'[0m
  [4;35;1mSQL (0.1ms)[0m   [0mSET SQL_AUTO_IS_NULL=0[0m


Processing ApplicationController#index (for 192.168.33.159 at 2011-08-10 16:15:24) [GET]
  Parameters: {"1312971692"=>nil}

ActionController::RoutingError (No route matches "/dragdrop.js" with {:method=>:get, :canvas=>false}):
  <internal:prelude>:10:in `synchronize'
  /home/hb/.rvm/rubies/ruby-1.9.2-p180/lib/ruby/1.9.1/webrick/httpserver.rb:111:in `service'
  /home/hb/.rvm/rubies/ruby-1.9.2-p180/lib/ruby/1.9.1/webrick/httpserver.rb:70:in `run'
  /home/hb/.rvm/rubies/ruby-1.9.2-p180/lib/ruby/1.9.1/webrick/server.rb:183:in `block in start_thread'

Rendering /home/hb/Application/Fbook/vendor/plugins/facebooker/templates/layout.erb (200)
  [4;36;1mSQL (0.1ms)[0m   [0;1mSET NAMES 'utf8'[0m
  [4;35;1mSQL (0.0ms)[0m   [0mSET SQL_AUTO_IS_NULL=0[0m


Processing ApplicationController#index (for 192.168.33.159 at 2011-08-10 16:15:24) [GET]
  Parameters: {"1312971692"=>nil}

ActionController::RoutingError (No route matches "/effects.js" with {:method=>:get, :canvas=>false}):
  <internal:prelude>:10:in `synchronize'
  /home/hb/.rvm/rubies/ruby-1.9.2-p180/lib/ruby/1.9.1/webrick/httpserver.rb:111:in `service'
  /home/hb/.rvm/rubies/ruby-1.9.2-p180/lib/ruby/1.9.1/webrick/httpserver.rb:70:in `run'
  /home/hb/.rvm/rubies/ruby-1.9.2-p180/lib/ruby/1.9.1/webrick/server.rb:183:in `block in start_thread'

Rendering /home/hb/Application/Fbook/vendor/plugins/facebooker/templates/layout.erb (200)
  [4;36;1mSQL (0.1ms)[0m   [0;1mSET NAMES 'utf8'[0m
  [4;35;1mSQL (0.0ms)[0m   [0mSET SQL_AUTO_IS_NULL=0[0m


Processing ApplicationController#index (for 192.168.33.159 at 2011-08-10 16:15:24) [GET]
  Parameters: {"1312971692"=>nil}

ActionController::RoutingError (No route matches "/controls.js" with {:method=>:get, :canvas=>false}):
  <internal:prelude>:10:in `synchronize'
  /home/hb/.rvm/rubies/ruby-1.9.2-p180/lib/ruby/1.9.1/webrick/httpserver.rb:111:in `service'
  /home/hb/.rvm/rubies/ruby-1.9.2-p180/lib/ruby/1.9.1/webrick/httpserver.rb:70:in `run'
  /home/hb/.rvm/rubies/ruby-1.9.2-p180/lib/ruby/1.9.1/webrick/server.rb:183:in `block in start_thread'

Rendering /home/hb/Application/Fbook/vendor/plugins/facebooker/templates/layout.erb (200)
  [4;36;1mSQL (0.1ms)[0m   [0;1mSET NAMES 'utf8'[0m
  [4;35;1mSQL (0.1ms)[0m   [0mSET SQL_AUTO_IS_NULL=0[0m


Processing UsersController#new (for 127.0.0.1 at 2011-08-10 16:15:28) [GET]
  [4;36;1mUser Columns (0.9ms)[0m   [0;1mSHOW FIELDS FROM `users`[0m
Rendering template within layouts/index
Rendering users/new
Completed in 22ms (View: 15, DB: 1) | 200 OK [http://localhost/signup]
  [4;35;1mSQL (0.1ms)[0m   [0mSET NAMES 'utf8'[0m
  [4;36;1mSQL (0.1ms)[0m   [0;1mSET SQL_AUTO_IS_NULL=0[0m


Processing ApplicationController#index (for 192.168.33.159 at 2011-08-10 16:15:29) [GET]
  Parameters: {"1312971692"=>nil}

ActionController::RoutingError (No route matches "/effects.js" with {:method=>:get, :canvas=>false}):
  <internal:prelude>:10:in `synchronize'
  /home/hb/.rvm/rubies/ruby-1.9.2-p180/lib/ruby/1.9.1/webrick/httpserver.rb:111:in `service'
  /home/hb/.rvm/rubies/ruby-1.9.2-p180/lib/ruby/1.9.1/webrick/httpserver.rb:70:in `run'
  /home/hb/.rvm/rubies/ruby-1.9.2-p180/lib/ruby/1.9.1/webrick/server.rb:183:in `block in start_thread'

Rendering /home/hb/Application/Fbook/vendor/plugins/facebooker/templates/layout.erb (200)
  [4;35;1mSQL (0.1ms)[0m   [0mSET NAMES 'utf8'[0m
  [4;36;1mSQL (0.0ms)[0m   [0;1mSET SQL_AUTO_IS_NULL=0[0m


Processing ApplicationController#index (for 192.168.33.159 at 2011-08-10 16:15:29) [GET]
  Parameters: {"1312971692"=>nil}

ActionController::RoutingError (No route matches "/dragdrop.js" with {:method=>:get, :canvas=>false}):
  <internal:prelude>:10:in `synchronize'
  /home/hb/.rvm/rubies/ruby-1.9.2-p180/lib/ruby/1.9.1/webrick/httpserver.rb:111:in `service'
  /home/hb/.rvm/rubies/ruby-1.9.2-p180/lib/ruby/1.9.1/webrick/httpserver.rb:70:in `run'
  /home/hb/.rvm/rubies/ruby-1.9.2-p180/lib/ruby/1.9.1/webrick/server.rb:183:in `block in start_thread'

Rendering /home/hb/Application/Fbook/vendor/plugins/facebooker/templates/layout.erb (200)
  [4;35;1mSQL (0.1ms)[0m   [0mSET NAMES 'utf8'[0m
  [4;36;1mSQL (0.1ms)[0m   [0;1mSET SQL_AUTO_IS_NULL=0[0m


Processing ApplicationController#index (for 192.168.33.159 at 2011-08-10 16:15:29) [GET]
  Parameters: {"1312971692"=>nil}

ActionController::RoutingError (No route matches "/controls.js" with {:method=>:get, :canvas=>false}):
  <internal:prelude>:10:in `synchronize'
  /home/hb/.rvm/rubies/ruby-1.9.2-p180/lib/ruby/1.9.1/webrick/httpserver.rb:111:in `service'
  /home/hb/.rvm/rubies/ruby-1.9.2-p180/lib/ruby/1.9.1/webrick/httpserver.rb:70:in `run'
  /home/hb/.rvm/rubies/ruby-1.9.2-p180/lib/ruby/1.9.1/webrick/server.rb:183:in `block in start_thread'

Rendering /home/hb/Application/Fbook/vendor/plugins/facebooker/templates/layout.erb (200)
  [4;35;1mSQL (0.1ms)[0m   [0mSET NAMES 'utf8'[0m
  [4;36;1mSQL (0.0ms)[0m   [0;1mSET SQL_AUTO_IS_NULL=0[0m


Processing ApplicationController#index (for 192.168.33.159 at 2011-08-10 16:15:29) [GET]
  Parameters: {"1312971692"=>nil}

ActionController::RoutingError (No route matches "/prototype.js" with {:method=>:get, :canvas=>false}):
  <internal:prelude>:10:in `synchronize'
  /home/hb/.rvm/rubies/ruby-1.9.2-p180/lib/ruby/1.9.1/webrick/httpserver.rb:111:in `service'
  /home/hb/.rvm/rubies/ruby-1.9.2-p180/lib/ruby/1.9.1/webrick/httpserver.rb:70:in `run'
  /home/hb/.rvm/rubies/ruby-1.9.2-p180/lib/ruby/1.9.1/webrick/server.rb:183:in `block in start_thread'

Rendering /home/hb/Application/Fbook/vendor/plugins/facebooker/templates/layout.erb (200)
  [4;35;1mSQL (0.1ms)[0m   [0mSET NAMES 'utf8'[0m
  [4;36;1mSQL (0.1ms)[0m   [0;1mSET SQL_AUTO_IS_NULL=0[0m


Processing ApplicationController#index (for 192.168.33.159 at 2011-08-10 16:15:29) [GET]
  Parameters: {"1312971692"=>nil}

ActionController::RoutingError (No route matches "/application.js" with {:method=>:get, :canvas=>false}):
  <internal:prelude>:10:in `synchronize'
  /home/hb/.rvm/rubies/ruby-1.9.2-p180/lib/ruby/1.9.1/webrick/httpserver.rb:111:in `service'
  /home/hb/.rvm/rubies/ruby-1.9.2-p180/lib/ruby/1.9.1/webrick/httpserver.rb:70:in `run'
  /home/hb/.rvm/rubies/ruby-1.9.2-p180/lib/ruby/1.9.1/webrick/server.rb:183:in `block in start_thread'

Rendering /home/hb/Application/Fbook/vendor/plugins/facebooker/templates/layout.erb (200)
  [4;35;1mSQL (0.1ms)[0m   [0mSET NAMES 'utf8'[0m
  [4;36;1mSQL (0.1ms)[0m   [0;1mSET SQL_AUTO_IS_NULL=0[0m


Processing SessionsController#new (for 127.0.0.1 at 2011-08-10 16:15:31) [GET]
Rendering template within layouts/index
Rendering sessions/new
Completed in 3ms (View: 1, DB: 0) | 200 OK [http://localhost/login]
  [4;35;1mSQL (0.1ms)[0m   [0mSET NAMES 'utf8'[0m
  [4;36;1mSQL (0.1ms)[0m   [0;1mSET SQL_AUTO_IS_NULL=0[0m


Processing ApplicationController#index (for 192.168.33.159 at 2011-08-10 16:15:31) [GET]
  Parameters: {"1312971692"=>nil}

ActionController::RoutingError (No route matches "/effects.js" with {:method=>:get, :canvas=>false}):
  <internal:prelude>:10:in `synchronize'
  /home/hb/.rvm/rubies/ruby-1.9.2-p180/lib/ruby/1.9.1/webrick/httpserver.rb:111:in `service'
  /home/hb/.rvm/rubies/ruby-1.9.2-p180/lib/ruby/1.9.1/webrick/httpserver.rb:70:in `run'
  /home/hb/.rvm/rubies/ruby-1.9.2-p180/lib/ruby/1.9.1/webrick/server.rb:183:in `block in start_thread'

Rendering /home/hb/Application/Fbook/vendor/plugins/facebooker/templates/layout.erb (200)
  [4;35;1mSQL (0.1ms)[0m   [0mSET NAMES 'utf8'[0m
  [4;36;1mSQL (0.1ms)[0m   [0;1mSET SQL_AUTO_IS_NULL=0[0m


Processing ApplicationController#index (for 192.168.33.159 at 2011-08-10 16:15:31) [GET]
  Parameters: {"1312971692"=>nil}

ActionController::RoutingError (No route matches "/prototype.js" with {:method=>:get, :canvas=>false}):
  <internal:prelude>:10:in `synchronize'
  /home/hb/.rvm/rubies/ruby-1.9.2-p180/lib/ruby/1.9.1/webrick/httpserver.rb:111:in `service'
  /home/hb/.rvm/rubies/ruby-1.9.2-p180/lib/ruby/1.9.1/webrick/httpserver.rb:70:in `run'
  /home/hb/.rvm/rubies/ruby-1.9.2-p180/lib/ruby/1.9.1/webrick/server.rb:183:in `block in start_thread'

Rendering /home/hb/Application/Fbook/vendor/plugins/facebooker/templates/layout.erb (200)
  [4;35;1mSQL (0.1ms)[0m   [0mSET NAMES 'utf8'[0m
  [4;36;1mSQL (0.1ms)[0m   [0;1mSET SQL_AUTO_IS_NULL=0[0m


Processing ApplicationController#index (for 192.168.33.159 at 2011-08-10 16:15:31) [GET]
  Parameters: {"1312971692"=>nil}

ActionController::RoutingError (No route matches "/dragdrop.js" with {:method=>:get, :canvas=>false}):
  <internal:prelude>:10:in `synchronize'
  /home/hb/.rvm/rubies/ruby-1.9.2-p180/lib/ruby/1.9.1/webrick/httpserver.rb:111:in `service'
  /home/hb/.rvm/rubies/ruby-1.9.2-p180/lib/ruby/1.9.1/webrick/httpserver.rb:70:in `run'
  /home/hb/.rvm/rubies/ruby-1.9.2-p180/lib/ruby/1.9.1/webrick/server.rb:183:in `block in start_thread'

Rendering /home/hb/Application/Fbook/vendor/plugins/facebooker/templates/layout.erb (200)
  [4;35;1mSQL (0.1ms)[0m   [0mSET NAMES 'utf8'[0m
  [4;36;1mSQL (0.0ms)[0m   [0;1mSET SQL_AUTO_IS_NULL=0[0m


Processing ApplicationController#index (for 192.168.33.159 at 2011-08-10 16:15:31) [GET]
  Parameters: {"1312971692"=>nil}

ActionController::RoutingError (No route matches "/controls.js" with {:method=>:get, :canvas=>false}):
  <internal:prelude>:10:in `synchronize'
  /home/hb/.rvm/rubies/ruby-1.9.2-p180/lib/ruby/1.9.1/webrick/httpserver.rb:111:in `service'
  /home/hb/.rvm/rubies/ruby-1.9.2-p180/lib/ruby/1.9.1/webrick/httpserver.rb:70:in `run'
  /home/hb/.rvm/rubies/ruby-1.9.2-p180/lib/ruby/1.9.1/webrick/server.rb:183:in `block in start_thread'

Rendering /home/hb/Application/Fbook/vendor/plugins/facebooker/templates/layout.erb (200)
  [4;35;1mSQL (0.1ms)[0m   [0mSET NAMES 'utf8'[0m
  [4;36;1mSQL (0.0ms)[0m   [0;1mSET SQL_AUTO_IS_NULL=0[0m


Processing ApplicationController#index (for 192.168.33.159 at 2011-08-10 16:15:31) [GET]
  Parameters: {"1312971692"=>nil}

ActionController::RoutingError (No route matches "/application.js" with {:method=>:get, :canvas=>false}):
  <internal:prelude>:10:in `synchronize'
  /home/hb/.rvm/rubies/ruby-1.9.2-p180/lib/ruby/1.9.1/webrick/httpserver.rb:111:in `service'
  /home/hb/.rvm/rubies/ruby-1.9.2-p180/lib/ruby/1.9.1/webrick/httpserver.rb:70:in `run'
  /home/hb/.rvm/rubies/ruby-1.9.2-p180/lib/ruby/1.9.1/webrick/server.rb:183:in `block in start_thread'

Rendering /home/hb/Application/Fbook/vendor/plugins/facebooker/templates/layout.erb (200)
  [4;35;1mSQL (0.1ms)[0m   [0mSET NAMES 'utf8'[0m
  [4;36;1mSQL (0.1ms)[0m   [0;1mSET SQL_AUTO_IS_NULL=0[0m


Processing SessionsController#new (for 127.0.0.1 at 2011-08-10 16:16:56) [GET]
Rendering template within layouts/index
Rendering sessions/new
Completed in 3ms (View: 1, DB: 0) | 200 OK [http://localhost/login]
  [4;35;1mSQL (0.1ms)[0m   [0mSET NAMES 'utf8'[0m
  [4;36;1mSQL (0.1ms)[0m   [0;1mSET SQL_AUTO_IS_NULL=0[0m


Processing ApplicationController#index (for 192.168.33.159 at 2011-08-10 16:16:56) [GET]
  Parameters: {"1312971692"=>nil}

ActionController::RoutingError (No route matches "/controls.js" with {:method=>:get, :canvas=>false}):
  <internal:prelude>:10:in `synchronize'
  /home/hb/.rvm/rubies/ruby-1.9.2-p180/lib/ruby/1.9.1/webrick/httpserver.rb:111:in `service'
  /home/hb/.rvm/rubies/ruby-1.9.2-p180/lib/ruby/1.9.1/webrick/httpserver.rb:70:in `run'
  /home/hb/.rvm/rubies/ruby-1.9.2-p180/lib/ruby/1.9.1/webrick/server.rb:183:in `block in start_thread'

Rendering /home/hb/Application/Fbook/vendor/plugins/facebooker/templates/layout.erb (200)
  [4;35;1mSQL (0.1ms)[0m   [0mSET NAMES 'utf8'[0m
  [4;36;1mSQL (0.1ms)[0m   [0;1mSET SQL_AUTO_IS_NULL=0[0m


Processing ApplicationController#index (for 192.168.33.159 at 2011-08-10 16:16:56) [GET]
  Parameters: {"1312971692"=>nil}

ActionController::RoutingError (No route matches "/effects.js" with {:method=>:get, :canvas=>false}):
  <internal:prelude>:10:in `synchronize'
  /home/hb/.rvm/rubies/ruby-1.9.2-p180/lib/ruby/1.9.1/webrick/httpserver.rb:111:in `service'
  /home/hb/.rvm/rubies/ruby-1.9.2-p180/lib/ruby/1.9.1/webrick/httpserver.rb:70:in `run'
  /home/hb/.rvm/rubies/ruby-1.9.2-p180/lib/ruby/1.9.1/webrick/server.rb:183:in `block in start_thread'

Rendering /home/hb/Application/Fbook/vendor/plugins/facebooker/templates/layout.erb (200)
  [4;35;1mSQL (0.1ms)[0m   [0mSET NAMES 'utf8'[0m
  [4;36;1mSQL (0.1ms)[0m   [0;1mSET SQL_AUTO_IS_NULL=0[0m


Processing ApplicationController#index (for 192.168.33.159 at 2011-08-10 16:16:56) [GET]
  Parameters: {"1312971692"=>nil}

ActionController::RoutingError (No route matches "/application.js" with {:method=>:get, :canvas=>false}):
  <internal:prelude>:10:in `synchronize'
  /home/hb/.rvm/rubies/ruby-1.9.2-p180/lib/ruby/1.9.1/webrick/httpserver.rb:111:in `service'
  /home/hb/.rvm/rubies/ruby-1.9.2-p180/lib/ruby/1.9.1/webrick/httpserver.rb:70:in `run'
  /home/hb/.rvm/rubies/ruby-1.9.2-p180/lib/ruby/1.9.1/webrick/server.rb:183:in `block in start_thread'

Rendering /home/hb/Application/Fbook/vendor/plugins/facebooker/templates/layout.erb (200)
  [4;35;1mSQL (0.1ms)[0m   [0mSET NAMES 'utf8'[0m
  [4;36;1mSQL (0.0ms)[0m   [0;1mSET SQL_AUTO_IS_NULL=0[0m


Processing ApplicationController#index (for 192.168.33.159 at 2011-08-10 16:16:56) [GET]
  Parameters: {"1312971692"=>nil}

ActionController::RoutingError (No route matches "/prototype.js" with {:method=>:get, :canvas=>false}):
  <internal:prelude>:10:in `synchronize'
  /home/hb/.rvm/rubies/ruby-1.9.2-p180/lib/ruby/1.9.1/webrick/httpserver.rb:111:in `service'
  /home/hb/.rvm/rubies/ruby-1.9.2-p180/lib/ruby/1.9.1/webrick/httpserver.rb:70:in `run'
  /home/hb/.rvm/rubies/ruby-1.9.2-p180/lib/ruby/1.9.1/webrick/server.rb:183:in `block in start_thread'

Rendering /home/hb/Application/Fbook/vendor/plugins/facebooker/templates/layout.erb (200)
  [4;35;1mSQL (0.1ms)[0m   [0mSET NAMES 'utf8'[0m
  [4;36;1mSQL (0.1ms)[0m   [0;1mSET SQL_AUTO_IS_NULL=0[0m


Processing ApplicationController#index (for 192.168.33.159 at 2011-08-10 16:16:56) [GET]
  Parameters: {"1312971692"=>nil}

ActionController::RoutingError (No route matches "/dragdrop.js" with {:method=>:get, :canvas=>false}):
  <internal:prelude>:10:in `synchronize'
  /home/hb/.rvm/rubies/ruby-1.9.2-p180/lib/ruby/1.9.1/webrick/httpserver.rb:111:in `service'
  /home/hb/.rvm/rubies/ruby-1.9.2-p180/lib/ruby/1.9.1/webrick/httpserver.rb:70:in `run'
  /home/hb/.rvm/rubies/ruby-1.9.2-p180/lib/ruby/1.9.1/webrick/server.rb:183:in `block in start_thread'

Rendering /home/hb/Application/Fbook/vendor/plugins/facebooker/templates/layout.erb (200)
  [4;35;1mSQL (0.1ms)[0m   [0mSET NAMES 'utf8'[0m
  [4;36;1mSQL (0.1ms)[0m   [0;1mSET SQL_AUTO_IS_NULL=0[0m


Processing UsersController#new (for 127.0.0.1 at 2011-08-10 16:17:27) [GET]
  [4;35;1mUser Columns (0.5ms)[0m   [0mSHOW FIELDS FROM `users`[0m
Rendering template within layouts/index
Rendering users/new
Completed in 10ms (View: 4, DB: 1) | 200 OK [http://localhost/users/new]
  [4;36;1mSQL (0.1ms)[0m   [0;1mSET NAMES 'utf8'[0m
  [4;35;1mSQL (0.1ms)[0m   [0mSET SQL_AUTO_IS_NULL=0[0m


Processing ApplicationController#index (for 192.168.33.159 at 2011-08-10 16:17:27) [GET]
  Parameters: {"1312971692"=>nil}

ActionController::RoutingError (No route matches "/prototype.js" with {:method=>:get, :canvas=>false}):
  <internal:prelude>:10:in `synchronize'
  /home/hb/.rvm/rubies/ruby-1.9.2-p180/lib/ruby/1.9.1/webrick/httpserver.rb:111:in `service'
  /home/hb/.rvm/rubies/ruby-1.9.2-p180/lib/ruby/1.9.1/webrick/httpserver.rb:70:in `run'
  /home/hb/.rvm/rubies/ruby-1.9.2-p180/lib/ruby/1.9.1/webrick/server.rb:183:in `block in start_thread'

Rendering /home/hb/Application/Fbook/vendor/plugins/facebooker/templates/layout.erb (200)
  [4;36;1mSQL (0.1ms)[0m   [0;1mSET NAMES 'utf8'[0m
  [4;35;1mSQL (0.1ms)[0m   [0mSET SQL_AUTO_IS_NULL=0[0m


Processing ApplicationController#index (for 192.168.33.159 at 2011-08-10 16:17:27) [GET]
  Parameters: {"1312971692"=>nil}

ActionController::RoutingError (No route matches "/dragdrop.js" with {:method=>:get, :canvas=>false}):
  <internal:prelude>:10:in `synchronize'
  /home/hb/.rvm/rubies/ruby-1.9.2-p180/lib/ruby/1.9.1/webrick/httpserver.rb:111:in `service'
  /home/hb/.rvm/rubies/ruby-1.9.2-p180/lib/ruby/1.9.1/webrick/httpserver.rb:70:in `run'
  /home/hb/.rvm/rubies/ruby-1.9.2-p180/lib/ruby/1.9.1/webrick/server.rb:183:in `block in start_thread'

Rendering /home/hb/Application/Fbook/vendor/plugins/facebooker/templates/layout.erb (200)
  [4;36;1mSQL (0.1ms)[0m   [0;1mSET NAMES 'utf8'[0m
  [4;35;1mSQL (0.1ms)[0m   [0mSET SQL_AUTO_IS_NULL=0[0m


Processing ApplicationController#index (for 192.168.33.159 at 2011-08-10 16:17:27) [GET]
  Parameters: {"1312971692"=>nil}

ActionController::RoutingError (No route matches "/application.js" with {:method=>:get, :canvas=>false}):
  <internal:prelude>:10:in `synchronize'
  /home/hb/.rvm/rubies/ruby-1.9.2-p180/lib/ruby/1.9.1/webrick/httpserver.rb:111:in `service'
  /home/hb/.rvm/rubies/ruby-1.9.2-p180/lib/ruby/1.9.1/webrick/httpserver.rb:70:in `run'
  /home/hb/.rvm/rubies/ruby-1.9.2-p180/lib/ruby/1.9.1/webrick/server.rb:183:in `block in start_thread'

Rendering /home/hb/Application/Fbook/vendor/plugins/facebooker/templates/layout.erb (200)
  [4;36;1mSQL (0.1ms)[0m   [0;1mSET NAMES 'utf8'[0m
  [4;35;1mSQL (0.1ms)[0m   [0mSET SQL_AUTO_IS_NULL=0[0m


Processing ApplicationController#index (for 192.168.33.159 at 2011-08-10 16:17:27) [GET]
  Parameters: {"1312971692"=>nil}

ActionController::RoutingError (No route matches "/controls.js" with {:method=>:get, :canvas=>false}):
  <internal:prelude>:10:in `synchronize'
  /home/hb/.rvm/rubies/ruby-1.9.2-p180/lib/ruby/1.9.1/webrick/httpserver.rb:111:in `service'
  /home/hb/.rvm/rubies/ruby-1.9.2-p180/lib/ruby/1.9.1/webrick/httpserver.rb:70:in `run'
  /home/hb/.rvm/rubies/ruby-1.9.2-p180/lib/ruby/1.9.1/webrick/server.rb:183:in `block in start_thread'

Rendering /home/hb/Application/Fbook/vendor/plugins/facebooker/templates/layout.erb (200)
  [4;36;1mSQL (0.1ms)[0m   [0;1mSET NAMES 'utf8'[0m
  [4;35;1mSQL (0.1ms)[0m   [0mSET SQL_AUTO_IS_NULL=0[0m


Processing ApplicationController#index (for 192.168.33.159 at 2011-08-10 16:17:27) [GET]
  Parameters: {"1312971692"=>nil}

ActionController::RoutingError (No route matches "/effects.js" with {:method=>:get, :canvas=>false}):
  <internal:prelude>:10:in `synchronize'
  /home/hb/.rvm/rubies/ruby-1.9.2-p180/lib/ruby/1.9.1/webrick/httpserver.rb:111:in `service'
  /home/hb/.rvm/rubies/ruby-1.9.2-p180/lib/ruby/1.9.1/webrick/httpserver.rb:70:in `run'
  /home/hb/.rvm/rubies/ruby-1.9.2-p180/lib/ruby/1.9.1/webrick/server.rb:183:in `block in start_thread'

Rendering /home/hb/Application/Fbook/vendor/plugins/facebooker/templates/layout.erb (200)
  [4;36;1mSQL (0.1ms)[0m   [0;1mSET NAMES 'utf8'[0m
  [4;35;1mSQL (0.1ms)[0m   [0mSET SQL_AUTO_IS_NULL=0[0m


Processing UsersController#new (for 127.0.0.1 at 2011-08-10 16:17:59) [GET]
  [4;36;1mUser Columns (0.5ms)[0m   [0;1mSHOW FIELDS FROM `users`[0m
Rendering template within layouts/index
Rendering users/new
Completed in 14ms (View: 8, DB: 1) | 200 OK [http://localhost/users/new]
  [4;35;1mSQL (0.1ms)[0m   [0mSET NAMES 'utf8'[0m
  [4;36;1mSQL (0.1ms)[0m   [0;1mSET SQL_AUTO_IS_NULL=0[0m


Processing ApplicationController#index (for 192.168.33.159 at 2011-08-10 16:18:00) [GET]
  Parameters: {"1312971692"=>nil}

ActionController::RoutingError (No route matches "/dragdrop.js" with {:method=>:get, :canvas=>false}):
  <internal:prelude>:10:in `synchronize'
  /home/hb/.rvm/rubies/ruby-1.9.2-p180/lib/ruby/1.9.1/webrick/httpserver.rb:111:in `service'
  /home/hb/.rvm/rubies/ruby-1.9.2-p180/lib/ruby/1.9.1/webrick/httpserver.rb:70:in `run'
  /home/hb/.rvm/rubies/ruby-1.9.2-p180/lib/ruby/1.9.1/webrick/server.rb:183:in `block in start_thread'

Rendering /home/hb/Application/Fbook/vendor/plugins/facebooker/templates/layout.erb (200)
  [4;35;1mSQL (0.1ms)[0m   [0mSET NAMES 'utf8'[0m
  [4;36;1mSQL (0.1ms)[0m   [0;1mSET SQL_AUTO_IS_NULL=0[0m


Processing ApplicationController#index (for 192.168.33.159 at 2011-08-10 16:18:00) [GET]
  Parameters: {"1312971692"=>nil}

ActionController::RoutingError (No route matches "/effects.js" with {:method=>:get, :canvas=>false}):
  <internal:prelude>:10:in `synchronize'
  /home/hb/.rvm/rubies/ruby-1.9.2-p180/lib/ruby/1.9.1/webrick/httpserver.rb:111:in `service'
  /home/hb/.rvm/rubies/ruby-1.9.2-p180/lib/ruby/1.9.1/webrick/httpserver.rb:70:in `run'
  /home/hb/.rvm/rubies/ruby-1.9.2-p180/lib/ruby/1.9.1/webrick/server.rb:183:in `block in start_thread'

Rendering /home/hb/Application/Fbook/vendor/plugins/facebooker/templates/layout.erb (200)
  [4;35;1mSQL (0.1ms)[0m   [0mSET NAMES 'utf8'[0m
  [4;36;1mSQL (0.1ms)[0m   [0;1mSET SQL_AUTO_IS_NULL=0[0m


Processing ApplicationController#index (for 192.168.33.159 at 2011-08-10 16:18:00) [GET]
  Parameters: {"1312971692"=>nil}

ActionController::RoutingError (No route matches "/controls.js" with {:method=>:get, :canvas=>false}):
  <internal:prelude>:10:in `synchronize'
  /home/hb/.rvm/rubies/ruby-1.9.2-p180/lib/ruby/1.9.1/webrick/httpserver.rb:111:in `service'
  /home/hb/.rvm/rubies/ruby-1.9.2-p180/lib/ruby/1.9.1/webrick/httpserver.rb:70:in `run'
  /home/hb/.rvm/rubies/ruby-1.9.2-p180/lib/ruby/1.9.1/webrick/server.rb:183:in `block in start_thread'

Rendering /home/hb/Application/Fbook/vendor/plugins/facebooker/templates/layout.erb (200)
  [4;35;1mSQL (0.1ms)[0m   [0mSET NAMES 'utf8'[0m
  [4;36;1mSQL (0.1ms)[0m   [0;1mSET SQL_AUTO_IS_NULL=0[0m


Processing ApplicationController#index (for 192.168.33.159 at 2011-08-10 16:18:00) [GET]
  Parameters: {"1312971692"=>nil}

ActionController::RoutingError (No route matches "/application.js" with {:method=>:get, :canvas=>false}):
  <internal:prelude>:10:in `synchronize'
  /home/hb/.rvm/rubies/ruby-1.9.2-p180/lib/ruby/1.9.1/webrick/httpserver.rb:111:in `service'
  /home/hb/.rvm/rubies/ruby-1.9.2-p180/lib/ruby/1.9.1/webrick/httpserver.rb:70:in `run'
  /home/hb/.rvm/rubies/ruby-1.9.2-p180/lib/ruby/1.9.1/webrick/server.rb:183:in `block in start_thread'

Rendering /home/hb/Application/Fbook/vendor/plugins/facebooker/templates/layout.erb (200)
  [4;35;1mSQL (0.1ms)[0m   [0mSET NAMES 'utf8'[0m
  [4;36;1mSQL (0.1ms)[0m   [0;1mSET SQL_AUTO_IS_NULL=0[0m


Processing ApplicationController#index (for 192.168.33.159 at 2011-08-10 16:18:00) [GET]
  Parameters: {"1312971692"=>nil}

ActionController::RoutingError (No route matches "/prototype.js" with {:method=>:get, :canvas=>false}):
  <internal:prelude>:10:in `synchronize'
  /home/hb/.rvm/rubies/ruby-1.9.2-p180/lib/ruby/1.9.1/webrick/httpserver.rb:111:in `service'
  /home/hb/.rvm/rubies/ruby-1.9.2-p180/lib/ruby/1.9.1/webrick/httpserver.rb:70:in `run'
  /home/hb/.rvm/rubies/ruby-1.9.2-p180/lib/ruby/1.9.1/webrick/server.rb:183:in `block in start_thread'

Rendering /home/hb/Application/Fbook/vendor/plugins/facebooker/templates/layout.erb (200)
  [4;36;1mSQL (0.1ms)[0m   [0;1mSET NAMES 'utf8'[0m
  [4;35;1mSQL (0.1ms)[0m   [0mSET SQL_AUTO_IS_NULL=0[0m


Processing SessionsController#new (for 127.0.0.1 at 2011-08-10 16:37:54) [GET]
Rendering template within layouts/index
Rendering sessions/new
Completed in 39ms (View: 37, DB: 0) | 200 OK [http://localhost/sessions/new]
  [4;36;1mSQL (0.1ms)[0m   [0;1mSET NAMES 'utf8'[0m
  [4;35;1mSQL (0.1ms)[0m   [0mSET SQL_AUTO_IS_NULL=0[0m


Processing ApplicationController#index (for 192.168.33.159 at 2011-08-10 16:37:55) [GET]
  Parameters: {"1312971692"=>nil}

ActionController::RoutingError (No route matches "/effects.js" with {:method=>:get, :canvas=>false}):
  <internal:prelude>:10:in `synchronize'
  /home/hb/.rvm/rubies/ruby-1.9.2-p180/lib/ruby/1.9.1/webrick/httpserver.rb:111:in `service'
  /home/hb/.rvm/rubies/ruby-1.9.2-p180/lib/ruby/1.9.1/webrick/httpserver.rb:70:in `run'
  /home/hb/.rvm/rubies/ruby-1.9.2-p180/lib/ruby/1.9.1/webrick/server.rb:183:in `block in start_thread'

Rendering /home/hb/Application/Fbook/vendor/plugins/facebooker/templates/layout.erb (200)
  [4;36;1mSQL (0.1ms)[0m   [0;1mSET NAMES 'utf8'[0m
  [4;35;1mSQL (0.1ms)[0m   [0mSET SQL_AUTO_IS_NULL=0[0m


Processing ApplicationController#index (for 192.168.33.159 at 2011-08-10 16:37:55) [GET]
  Parameters: {"1312971692"=>nil}

ActionController::RoutingError (No route matches "/controls.js" with {:method=>:get, :canvas=>false}):
  <internal:prelude>:10:in `synchronize'
  /home/hb/.rvm/rubies/ruby-1.9.2-p180/lib/ruby/1.9.1/webrick/httpserver.rb:111:in `service'
  /home/hb/.rvm/rubies/ruby-1.9.2-p180/lib/ruby/1.9.1/webrick/httpserver.rb:70:in `run'
  /home/hb/.rvm/rubies/ruby-1.9.2-p180/lib/ruby/1.9.1/webrick/server.rb:183:in `block in start_thread'

Rendering /home/hb/Application/Fbook/vendor/plugins/facebooker/templates/layout.erb (200)
  [4;36;1mSQL (0.1ms)[0m   [0;1mSET NAMES 'utf8'[0m
  [4;35;1mSQL (0.1ms)[0m   [0mSET SQL_AUTO_IS_NULL=0[0m


Processing ApplicationController#index (for 192.168.33.159 at 2011-08-10 16:37:55) [GET]
  Parameters: {"1312971692"=>nil}

ActionController::RoutingError (No route matches "/application.js" with {:method=>:get, :canvas=>false}):
  <internal:prelude>:10:in `synchronize'
  /home/hb/.rvm/rubies/ruby-1.9.2-p180/lib/ruby/1.9.1/webrick/httpserver.rb:111:in `service'
  /home/hb/.rvm/rubies/ruby-1.9.2-p180/lib/ruby/1.9.1/webrick/httpserver.rb:70:in `run'
  /home/hb/.rvm/rubies/ruby-1.9.2-p180/lib/ruby/1.9.1/webrick/server.rb:183:in `block in start_thread'

Rendering /home/hb/Application/Fbook/vendor/plugins/facebooker/templates/layout.erb (200)
  [4;36;1mSQL (0.1ms)[0m   [0;1mSET NAMES 'utf8'[0m
  [4;35;1mSQL (0.0ms)[0m   [0mSET SQL_AUTO_IS_NULL=0[0m


Processing ApplicationController#index (for 192.168.33.159 at 2011-08-10 16:37:55) [GET]
  Parameters: {"1312971692"=>nil}

ActionController::RoutingError (No route matches "/dragdrop.js" with {:method=>:get, :canvas=>false}):
  <internal:prelude>:10:in `synchronize'
  /home/hb/.rvm/rubies/ruby-1.9.2-p180/lib/ruby/1.9.1/webrick/httpserver.rb:111:in `service'
  /home/hb/.rvm/rubies/ruby-1.9.2-p180/lib/ruby/1.9.1/webrick/httpserver.rb:70:in `run'
  /home/hb/.rvm/rubies/ruby-1.9.2-p180/lib/ruby/1.9.1/webrick/server.rb:183:in `block in start_thread'

Rendering /home/hb/Application/Fbook/vendor/plugins/facebooker/templates/layout.erb (200)
  [4;36;1mSQL (0.1ms)[0m   [0;1mSET NAMES 'utf8'[0m
  [4;35;1mSQL (0.1ms)[0m   [0mSET SQL_AUTO_IS_NULL=0[0m


Processing ApplicationController#index (for 192.168.33.159 at 2011-08-10 16:37:55) [GET]
  Parameters: {"1312971692"=>nil}

ActionController::RoutingError (No route matches "/prototype.js" with {:method=>:get, :canvas=>false}):
  <internal:prelude>:10:in `synchronize'
  /home/hb/.rvm/rubies/ruby-1.9.2-p180/lib/ruby/1.9.1/webrick/httpserver.rb:111:in `service'
  /home/hb/.rvm/rubies/ruby-1.9.2-p180/lib/ruby/1.9.1/webrick/httpserver.rb:70:in `run'
  /home/hb/.rvm/rubies/ruby-1.9.2-p180/lib/ruby/1.9.1/webrick/server.rb:183:in `block in start_thread'

Rendering /home/hb/Application/Fbook/vendor/plugins/facebooker/templates/layout.erb (200)
  [4;36;1mSQL (0.1ms)[0m   [0;1mSET NAMES 'utf8'[0m
  [4;35;1mSQL (0.0ms)[0m   [0mSET SQL_AUTO_IS_NULL=0[0m


Processing UsersController#index (for 127.0.0.1 at 2011-08-10 16:38:02) [GET]
Rendering template within layouts/index
Rendering users/index
Completed in 9ms (View: 7, DB: 0) | 200 OK [http://localhost/users]
  [4;36;1mSQL (0.2ms)[0m   [0;1mSET NAMES 'utf8'[0m
  [4;35;1mSQL (0.1ms)[0m   [0mSET SQL_AUTO_IS_NULL=0[0m


Processing ApplicationController#index (for 192.168.33.159 at 2011-08-10 16:38:03) [GET]
  Parameters: {"1312971692"=>nil}

ActionController::RoutingError (No route matches "/controls.js" with {:method=>:get, :canvas=>false}):
  <internal:prelude>:10:in `synchronize'
  /home/hb/.rvm/rubies/ruby-1.9.2-p180/lib/ruby/1.9.1/webrick/httpserver.rb:111:in `service'
  /home/hb/.rvm/rubies/ruby-1.9.2-p180/lib/ruby/1.9.1/webrick/httpserver.rb:70:in `run'
  /home/hb/.rvm/rubies/ruby-1.9.2-p180/lib/ruby/1.9.1/webrick/server.rb:183:in `block in start_thread'

Rendering /home/hb/Application/Fbook/vendor/plugins/facebooker/templates/layout.erb (200)
  [4;36;1mSQL (0.1ms)[0m   [0;1mSET NAMES 'utf8'[0m
  [4;35;1mSQL (0.1ms)[0m   [0mSET SQL_AUTO_IS_NULL=0[0m


Processing ApplicationController#index (for 192.168.33.159 at 2011-08-10 16:38:03) [GET]
  Parameters: {"1312971692"=>nil}

ActionController::RoutingError (No route matches "/dragdrop.js" with {:method=>:get, :canvas=>false}):
  <internal:prelude>:10:in `synchronize'
  /home/hb/.rvm/rubies/ruby-1.9.2-p180/lib/ruby/1.9.1/webrick/httpserver.rb:111:in `service'
  /home/hb/.rvm/rubies/ruby-1.9.2-p180/lib/ruby/1.9.1/webrick/httpserver.rb:70:in `run'
  /home/hb/.rvm/rubies/ruby-1.9.2-p180/lib/ruby/1.9.1/webrick/server.rb:183:in `block in start_thread'

Rendering /home/hb/Application/Fbook/vendor/plugins/facebooker/templates/layout.erb (200)
  [4;36;1mSQL (0.1ms)[0m   [0;1mSET NAMES 'utf8'[0m
  [4;35;1mSQL (0.0ms)[0m   [0mSET SQL_AUTO_IS_NULL=0[0m


Processing ApplicationController#index (for 192.168.33.159 at 2011-08-10 16:38:03) [GET]
  Parameters: {"1312971692"=>nil}

ActionController::RoutingError (No route matches "/prototype.js" with {:method=>:get, :canvas=>false}):
  <internal:prelude>:10:in `synchronize'
  /home/hb/.rvm/rubies/ruby-1.9.2-p180/lib/ruby/1.9.1/webrick/httpserver.rb:111:in `service'
  /home/hb/.rvm/rubies/ruby-1.9.2-p180/lib/ruby/1.9.1/webrick/httpserver.rb:70:in `run'
  /home/hb/.rvm/rubies/ruby-1.9.2-p180/lib/ruby/1.9.1/webrick/server.rb:183:in `block in start_thread'

Rendering /home/hb/Application/Fbook/vendor/plugins/facebooker/templates/layout.erb (200)
  [4;36;1mSQL (0.1ms)[0m   [0;1mSET NAMES 'utf8'[0m
  [4;35;1mSQL (0.0ms)[0m   [0mSET SQL_AUTO_IS_NULL=0[0m


Processing ApplicationController#index (for 192.168.33.159 at 2011-08-10 16:38:03) [GET]
  Parameters: {"1312971692"=>nil}

ActionController::RoutingError (No route matches "/application.js" with {:method=>:get, :canvas=>false}):
  <internal:prelude>:10:in `synchronize'
  /home/hb/.rvm/rubies/ruby-1.9.2-p180/lib/ruby/1.9.1/webrick/httpserver.rb:111:in `service'
  /home/hb/.rvm/rubies/ruby-1.9.2-p180/lib/ruby/1.9.1/webrick/httpserver.rb:70:in `run'
  /home/hb/.rvm/rubies/ruby-1.9.2-p180/lib/ruby/1.9.1/webrick/server.rb:183:in `block in start_thread'

Rendering /home/hb/Application/Fbook/vendor/plugins/facebooker/templates/layout.erb (200)
  [4;36;1mSQL (0.1ms)[0m   [0;1mSET NAMES 'utf8'[0m
  [4;35;1mSQL (0.0ms)[0m   [0mSET SQL_AUTO_IS_NULL=0[0m


Processing ApplicationController#index (for 192.168.33.159 at 2011-08-10 16:38:03) [GET]
  Parameters: {"1312971692"=>nil}

ActionController::RoutingError (No route matches "/effects.js" with {:method=>:get, :canvas=>false}):
  <internal:prelude>:10:in `synchronize'
  /home/hb/.rvm/rubies/ruby-1.9.2-p180/lib/ruby/1.9.1/webrick/httpserver.rb:111:in `service'
  /home/hb/.rvm/rubies/ruby-1.9.2-p180/lib/ruby/1.9.1/webrick/httpserver.rb:70:in `run'
  /home/hb/.rvm/rubies/ruby-1.9.2-p180/lib/ruby/1.9.1/webrick/server.rb:183:in `block in start_thread'

Rendering /home/hb/Application/Fbook/vendor/plugins/facebooker/templates/layout.erb (200)
  [4;36;1mSQL (0.1ms)[0m   [0;1mSET NAMES 'utf8'[0m
  [4;35;1mSQL (0.1ms)[0m   [0mSET SQL_AUTO_IS_NULL=0[0m


Processing UsersController#index (for 192.168.33.159 at 2011-08-10 16:39:09) [GET]
Rendering template within layouts/index
Rendering users/index
Completed in 3ms (View: 1, DB: 0) | 200 OK [http://192.168.33.159/users]
  [4;36;1mSQL (0.1ms)[0m   [0;1mSET NAMES 'utf8'[0m
  [4;35;1mSQL (0.1ms)[0m   [0mSET SQL_AUTO_IS_NULL=0[0m


Processing ApplicationController#index (for 192.168.33.159 at 2011-08-10 16:39:09) [GET]
  Parameters: {"1312971692"=>nil}

ActionController::RoutingError (No route matches "/prototype.js" with {:method=>:get, :canvas=>false}):
  <internal:prelude>:10:in `synchronize'
  /home/hb/.rvm/rubies/ruby-1.9.2-p180/lib/ruby/1.9.1/webrick/httpserver.rb:111:in `service'
  /home/hb/.rvm/rubies/ruby-1.9.2-p180/lib/ruby/1.9.1/webrick/httpserver.rb:70:in `run'
  /home/hb/.rvm/rubies/ruby-1.9.2-p180/lib/ruby/1.9.1/webrick/server.rb:183:in `block in start_thread'

Rendering /home/hb/Application/Fbook/vendor/plugins/facebooker/templates/layout.erb (200)
  [4;36;1mSQL (0.1ms)[0m   [0;1mSET NAMES 'utf8'[0m
  [4;35;1mSQL (0.1ms)[0m   [0mSET SQL_AUTO_IS_NULL=0[0m


Processing ApplicationController#index (for 192.168.33.159 at 2011-08-10 16:39:09) [GET]
  Parameters: {"1312971692"=>nil}

ActionController::RoutingError (No route matches "/effects.js" with {:method=>:get, :canvas=>false}):
  <internal:prelude>:10:in `synchronize'
  /home/hb/.rvm/rubies/ruby-1.9.2-p180/lib/ruby/1.9.1/webrick/httpserver.rb:111:in `service'
  /home/hb/.rvm/rubies/ruby-1.9.2-p180/lib/ruby/1.9.1/webrick/httpserver.rb:70:in `run'
  /home/hb/.rvm/rubies/ruby-1.9.2-p180/lib/ruby/1.9.1/webrick/server.rb:183:in `block in start_thread'

Rendering /home/hb/Application/Fbook/vendor/plugins/facebooker/templates/layout.erb (200)
  [4;36;1mSQL (0.1ms)[0m   [0;1mSET NAMES 'utf8'[0m
  [4;35;1mSQL (0.1ms)[0m   [0mSET SQL_AUTO_IS_NULL=0[0m


Processing ApplicationController#index (for 192.168.33.159 at 2011-08-10 16:39:09) [GET]
  Parameters: {"1312971692"=>nil}

ActionController::RoutingError (No route matches "/dragdrop.js" with {:method=>:get, :canvas=>false}):
  <internal:prelude>:10:in `synchronize'
  /home/hb/.rvm/rubies/ruby-1.9.2-p180/lib/ruby/1.9.1/webrick/httpserver.rb:111:in `service'
  /home/hb/.rvm/rubies/ruby-1.9.2-p180/lib/ruby/1.9.1/webrick/httpserver.rb:70:in `run'
  /home/hb/.rvm/rubies/ruby-1.9.2-p180/lib/ruby/1.9.1/webrick/server.rb:183:in `block in start_thread'

Rendering /home/hb/Application/Fbook/vendor/plugins/facebooker/templates/layout.erb (200)
  [4;36;1mSQL (0.1ms)[0m   [0;1mSET NAMES 'utf8'[0m
  [4;35;1mSQL (0.1ms)[0m   [0mSET SQL_AUTO_IS_NULL=0[0m


Processing ApplicationController#index (for 192.168.33.159 at 2011-08-10 16:39:09) [GET]
  Parameters: {"1312971692"=>nil}

ActionController::RoutingError (No route matches "/application.js" with {:method=>:get, :canvas=>false}):
  <internal:prelude>:10:in `synchronize'
  /home/hb/.rvm/rubies/ruby-1.9.2-p180/lib/ruby/1.9.1/webrick/httpserver.rb:111:in `service'
  /home/hb/.rvm/rubies/ruby-1.9.2-p180/lib/ruby/1.9.1/webrick/httpserver.rb:70:in `run'
  /home/hb/.rvm/rubies/ruby-1.9.2-p180/lib/ruby/1.9.1/webrick/server.rb:183:in `block in start_thread'

Rendering /home/hb/Application/Fbook/vendor/plugins/facebooker/templates/layout.erb (200)
  [4;36;1mSQL (0.1ms)[0m   [0;1mSET NAMES 'utf8'[0m
  [4;35;1mSQL (0.0ms)[0m   [0mSET SQL_AUTO_IS_NULL=0[0m


Processing ApplicationController#index (for 192.168.33.159 at 2011-08-10 16:39:09) [GET]
  Parameters: {"1312971692"=>nil}

ActionController::RoutingError (No route matches "/controls.js" with {:method=>:get, :canvas=>false}):
  <internal:prelude>:10:in `synchronize'
  /home/hb/.rvm/rubies/ruby-1.9.2-p180/lib/ruby/1.9.1/webrick/httpserver.rb:111:in `service'
  /home/hb/.rvm/rubies/ruby-1.9.2-p180/lib/ruby/1.9.1/webrick/httpserver.rb:70:in `run'
  /home/hb/.rvm/rubies/ruby-1.9.2-p180/lib/ruby/1.9.1/webrick/server.rb:183:in `block in start_thread'

Rendering /home/hb/Application/Fbook/vendor/plugins/facebooker/templates/layout.erb (200)
  [4;36;1mSQL (0.1ms)[0m   [0;1mSET NAMES 'utf8'[0m
  [4;35;1mSQL (0.1ms)[0m   [0mSET SQL_AUTO_IS_NULL=0[0m


Processing UsersController#new (for 127.0.0.1 at 2011-08-10 17:00:15) [GET]
  [4;36;1mUser Columns (1.0ms)[0m   [0;1mSHOW FIELDS FROM `users`[0m
Rendering template within layouts/application
Rendering users/new
Completed in 47ms (View: 15, DB: 1) | 200 OK [http://localhost/users/new]
  [4;35;1mSQL (0.1ms)[0m   [0mSET NAMES 'utf8'[0m
  [4;36;1mSQL (0.0ms)[0m   [0;1mSET SQL_AUTO_IS_NULL=0[0m


Processing SessionsController#new (for 127.0.0.1 at 2011-08-10 17:00:28) [GET]
Rendering template within layouts/application
Rendering sessions/new
Completed in 36ms (View: 34, DB: 0) | 200 OK [http://localhost/sessions/new]
  [4;35;1mSQL (0.1ms)[0m   [0mSET NAMES 'utf8'[0m
  [4;36;1mSQL (0.0ms)[0m   [0;1mSET SQL_AUTO_IS_NULL=0[0m


Processing UsersController#new (for 127.0.0.1 at 2011-08-10 17:00:34) [GET]
  [4;35;1mUser Columns (0.9ms)[0m   [0mSHOW FIELDS FROM `users`[0m
Rendering template within layouts/application
Rendering users/new
Completed in 11ms (View: 4, DB: 1) | 200 OK [http://localhost/users/new]
  [4;36;1mSQL (0.1ms)[0m   [0;1mSET NAMES 'utf8'[0m
  [4;35;1mSQL (0.1ms)[0m   [0mSET SQL_AUTO_IS_NULL=0[0m


Processing UsersController#index (for 127.0.0.1 at 2011-08-10 17:03:55) [GET]
Rendering template within layouts/application
Rendering users/index
Completed in 8ms (View: 6, DB: 0) | 200 OK [http://localhost/users/]
  [4;36;1mSQL (0.1ms)[0m   [0;1mSET NAMES 'utf8'[0m
  [4;35;1mSQL (0.0ms)[0m   [0mSET SQL_AUTO_IS_NULL=0[0m


Processing SessionsController#new (for 127.0.0.1 at 2011-08-10 17:03:58) [GET]
Rendering template within layouts/application
Rendering sessions/new
Completed in 3ms (View: 1, DB: 0) | 200 OK [http://localhost/login]
  [4;36;1mSQL (0.1ms)[0m   [0;1mSET NAMES 'utf8'[0m
  [4;35;1mSQL (0.1ms)[0m   [0mSET SQL_AUTO_IS_NULL=0[0m


Processing UsersController#new (for 127.0.0.1 at 2011-08-10 17:04:02) [GET]
  [4;36;1mUser Columns (1.0ms)[0m   [0;1mSHOW FIELDS FROM `users`[0m
Rendering template within layouts/application
Rendering users/new
Completed in 11ms (View: 4, DB: 1) | 200 OK [http://localhost/signup]
  [4;35;1mSQL (0.1ms)[0m   [0mSET NAMES 'utf8'[0m
  [4;36;1mSQL (0.0ms)[0m   [0;1mSET SQL_AUTO_IS_NULL=0[0m


Processing UsersController#new (for 127.0.0.1 at 2011-08-10 17:09:16) [GET]
  [4;35;1mUser Columns (0.5ms)[0m   [0mSHOW FIELDS FROM `users`[0m
Rendering template within layouts/application
Rendering users/new
Completed in 10ms (View: 4, DB: 1) | 200 OK [http://localhost/signup]
  [4;36;1mSQL (0.1ms)[0m   [0;1mSET NAMES 'utf8'[0m
  [4;35;1mSQL (0.1ms)[0m   [0mSET SQL_AUTO_IS_NULL=0[0m


Processing UsersController#new (for 127.0.0.1 at 2011-08-10 17:11:50) [GET]
  [4;36;1mUser Columns (0.5ms)[0m   [0;1mSHOW FIELDS FROM `users`[0m
Rendering template within layouts/application
Rendering users/new
Completed in 10ms (View: 4, DB: 1) | 200 OK [http://localhost/signup]
  [4;35;1mSQL (0.1ms)[0m   [0mSET NAMES 'utf8'[0m
  [4;36;1mSQL (0.1ms)[0m   [0;1mSET SQL_AUTO_IS_NULL=0[0m


Processing UsersController#create (for 127.0.0.1 at 2011-08-10 17:11:53) [POST]
  Parameters: {"authenticity_token"=>"njldDJet6VLLwyko03htr6ssoWAkQ3vCvMkw1H3dljA=", "user"=>{"login"=>"", "email"=>"", "password"=>"", "password_confirmation"=>""}, "commit"=>"Sign up"}
  [4;35;1mUser Columns (0.8ms)[0m   [0mSHOW FIELDS FROM `users`[0m
  [4;36;1mSQL (0.0ms)[0m   [0;1mBEGIN[0m
  [4;35;1mUser Load (0.3ms)[0m   [0mSELECT `users`.id FROM `users` WHERE (`users`.`login` = BINARY '') LIMIT 1[0m
  [4;36;1mUser Load (0.1ms)[0m   [0;1mSELECT `users`.id FROM `users` WHERE (`users`.`email` = BINARY '') LIMIT 1[0m
  [4;35;1mSQL (0.1ms)[0m   [0mROLLBACK[0m
Rendering template within layouts/application
Rendering users/new
Completed in 25ms (View: 13, DB: 1) | 200 OK [http://localhost/users]
  [4;36;1mSQL (0.1ms)[0m   [0;1mSET NAMES 'utf8'[0m
  [4;35;1mSQL (0.1ms)[0m   [0mSET SQL_AUTO_IS_NULL=0[0m


Processing UsersController#index (for 127.0.0.1 at 2011-08-10 17:11:58) [GET]
Rendering template within layouts/application
Rendering users/index
Completed in 3ms (View: 1, DB: 0) | 200 OK [http://localhost/users]
  [4;36;1mSQL (0.1ms)[0m   [0;1mSET NAMES 'utf8'[0m
  [4;35;1mSQL (0.1ms)[0m   [0mSET SQL_AUTO_IS_NULL=0[0m


Processing SessionsController#new (for 127.0.0.1 at 2011-08-10 17:12:00) [GET]
Rendering template within layouts/application
Rendering sessions/new
Completed in 3ms (View: 1, DB: 0) | 200 OK [http://localhost/login]
  [4;36;1mSQL (0.1ms)[0m   [0;1mSET NAMES 'utf8'[0m
  [4;35;1mSQL (0.1ms)[0m   [0mSET SQL_AUTO_IS_NULL=0[0m


Processing SessionsController#new (for 127.0.0.1 at 2011-08-10 17:17:01) [GET]
Rendering template within layouts/application
Rendering sessions/new
Completed in 3ms (View: 1, DB: 0) | 200 OK [http://localhost/login]
  [4;36;1mSQL (0.1ms)[0m   [0;1mSET NAMES 'utf8'[0m
  [4;35;1mSQL (0.1ms)[0m   [0mSET SQL_AUTO_IS_NULL=0[0m


Processing UsersController#index (for 127.0.0.1 at 2011-08-10 17:17:05) [GET]
Rendering template within layouts/application
Rendering users/index
Completed in 7ms (View: 6, DB: 0) | 200 OK [http://localhost/users]
  [4;36;1mSQL (0.1ms)[0m   [0;1mSET NAMES 'utf8'[0m
  [4;35;1mSQL (0.1ms)[0m   [0mSET SQL_AUTO_IS_NULL=0[0m


Processing UsersController#index (for 127.0.0.1 at 2011-08-10 17:17:52) [GET]
Rendering template within layouts/application
Rendering users/index
Completed in 3ms (View: 1, DB: 0) | 200 OK [http://localhost/users]
  [4;36;1mSQL (0.1ms)[0m   [0;1mSET NAMES 'utf8'[0m
  [4;35;1mSQL (0.1ms)[0m   [0mSET SQL_AUTO_IS_NULL=0[0m


Processing SessionsController#new (for 127.0.0.1 at 2011-08-10 17:17:57) [GET]
Rendering template within layouts/application
Rendering sessions/new
Completed in 7ms (View: 5, DB: 0) | 200 OK [http://localhost/login]
  [4;36;1mSQL (0.1ms)[0m   [0;1mSET NAMES 'utf8'[0m
  [4;35;1mSQL (0.0ms)[0m   [0mSET SQL_AUTO_IS_NULL=0[0m


Processing SessionsController#new (for 127.0.0.1 at 2011-08-10 17:23:57) [GET]
Rendering template within layouts/application
Rendering sessions/new
Completed in 3ms (View: 1, DB: 0) | 200 OK [http://localhost/login]
  [4;36;1mSQL (0.1ms)[0m   [0;1mSET NAMES 'utf8'[0m
  [4;35;1mSQL (0.1ms)[0m   [0mSET SQL_AUTO_IS_NULL=0[0m


Processing SessionsController#new (for 127.0.0.1 at 2011-08-10 17:25:19) [GET]
Rendering template within layouts/application
Rendering sessions/new
Completed in 3ms (View: 1, DB: 0) | 200 OK [http://localhost/login]
  [4;36;1mSQL (0.1ms)[0m   [0;1mSET NAMES 'utf8'[0m
  [4;35;1mSQL (0.1ms)[0m   [0mSET SQL_AUTO_IS_NULL=0[0m


Processing SessionsController#new (for 127.0.0.1 at 2011-08-10 17:51:37) [GET]
Rendering template within layouts/application
Rendering sessions/new
Completed in 7ms (View: 6, DB: 0) | 200 OK [http://localhost/login]
  [4;36;1mSQL (0.2ms)[0m   [0;1mSET NAMES 'utf8'[0m
  [4;35;1mSQL (0.1ms)[0m   [0mSET SQL_AUTO_IS_NULL=0[0m


Processing SessionsController#new (for 127.0.0.1 at 2011-08-10 17:52:58) [GET]
Rendering template within layouts/application
Rendering sessions/new
Completed in 3ms (View: 1, DB: 0) | 200 OK [http://localhost/login]
  [4;36;1mSQL (0.1ms)[0m   [0;1mSET NAMES 'utf8'[0m
  [4;35;1mSQL (0.1ms)[0m   [0mSET SQL_AUTO_IS_NULL=0[0m


Processing SessionsController#new (for 127.0.0.1 at 2011-08-10 17:54:16) [GET]
Rendering template within layouts/application
Rendering sessions/new
Completed in 3ms (View: 1, DB: 0) | 200 OK [http://localhost/login]
  [4;36;1mSQL (0.1ms)[0m   [0;1mSET NAMES 'utf8'[0m
  [4;35;1mSQL (0.1ms)[0m   [0mSET SQL_AUTO_IS_NULL=0[0m


Processing SessionsController#new (for 127.0.0.1 at 2011-08-10 17:56:42) [GET]
Rendering template within layouts/application
Rendering sessions/new
Completed in 38ms (View: 36, DB: 0) | 200 OK [http://localhost/login]
  [4;36;1mSQL (0.1ms)[0m   [0;1mSET NAMES 'utf8'[0m
  [4;35;1mSQL (0.1ms)[0m   [0mSET SQL_AUTO_IS_NULL=0[0m


Processing SessionsController#new (for 127.0.0.1 at 2011-08-10 17:56:55) [GET]
Rendering template within layouts/application
Rendering sessions/new
Completed in 3ms (View: 1, DB: 0) | 200 OK [http://localhost/login]
  [4;36;1mSQL (0.1ms)[0m   [0;1mSET NAMES 'utf8'[0m
  [4;35;1mSQL (0.1ms)[0m   [0mSET SQL_AUTO_IS_NULL=0[0m


Processing SessionsController#new (for 127.0.0.1 at 2011-08-10 17:58:12) [GET]
Rendering template within layouts/application
Rendering sessions/new
Completed in 3ms (View: 1, DB: 0) | 200 OK [http://localhost/login]
  [4;36;1mSQL (0.1ms)[0m   [0;1mSET NAMES 'utf8'[0m
  [4;35;1mSQL (0.1ms)[0m   [0mSET SQL_AUTO_IS_NULL=0[0m


Processing SessionsController#new (for 127.0.0.1 at 2011-08-10 17:59:35) [GET]
Rendering template within layouts/application
Rendering sessions/new
Completed in 3ms (View: 1, DB: 0) | 200 OK [http://localhost/login]
  [4;36;1mSQL (0.1ms)[0m   [0;1mSET NAMES 'utf8'[0m
  [4;35;1mSQL (0.1ms)[0m   [0mSET SQL_AUTO_IS_NULL=0[0m


Processing SessionsController#new (for 127.0.0.1 at 2011-08-10 18:03:09) [GET]
Rendering template within layouts/application
Rendering sessions/new
Completed in 3ms (View: 1, DB: 0) | 200 OK [http://localhost/login]
  [4;36;1mSQL (0.3ms)[0m   [0;1mSET NAMES 'utf8'[0m
  [4;35;1mSQL (0.1ms)[0m   [0mSET SQL_AUTO_IS_NULL=0[0m


Processing SessionsController#new (for 127.0.0.1 at 2011-08-10 18:10:30) [GET]
Rendering template within layouts/application
Rendering sessions/new
Completed in 37ms (View: 36, DB: 0) | 200 OK [http://localhost/login]
  [4;36;1mSQL (0.1ms)[0m   [0;1mSET NAMES 'utf8'[0m
  [4;35;1mSQL (0.1ms)[0m   [0mSET SQL_AUTO_IS_NULL=0[0m


Processing SessionsController#new (for 127.0.0.1 at 2011-08-10 18:12:18) [GET]
Rendering template within layouts/application
Rendering sessions/new
Completed in 3ms (View: 1, DB: 0) | 200 OK [http://localhost/login]
  [4;36;1mSQL (0.1ms)[0m   [0;1mSET NAMES 'utf8'[0m
  [4;35;1mSQL (0.1ms)[0m   [0mSET SQL_AUTO_IS_NULL=0[0m


Processing SessionsController#new (for 127.0.0.1 at 2011-08-10 18:14:48) [GET]
Rendering template within layouts/application
Rendering sessions/new
Completed in 3ms (View: 1, DB: 0) | 200 OK [http://localhost/login]
  [4;36;1mSQL (0.2ms)[0m   [0;1mSET NAMES 'utf8'[0m
  [4;35;1mSQL (0.1ms)[0m   [0mSET SQL_AUTO_IS_NULL=0[0m


Processing SessionsController#new (for 127.0.0.1 at 2011-08-10 18:15:19) [GET]
Rendering template within layouts/application
Rendering sessions/new
Completed in 8ms (View: 6, DB: 0) | 200 OK [http://localhost/login]
